[2014-06-11 13:41:40] START
[2014-06-11 13:43:22] CREATE dby.py: 0
[2014-06-11 13:43:43] EDIT basic_rest/models/dby.py: 1
[2014-06-11 13:48:06] EDIT basic_rest/controllers/default.py: 17
[2014-06-11 13:48:19] EDIT basic_rest/controllers/default.py: 0
[2014-06-11 13:48:50] EDIT basic_rest/controllers/default.py: 0
[2014-06-11 13:48:59] EDIT basic_rest/controllers/default.py: 0
[2014-06-11 13:50:02] EDIT basic_rest/controllers/default.py: 0
[2014-06-11 13:51:22] EDIT basic_rest/controllers/default.py: 0
[2014-06-11 13:51:31] EDIT basic_rest/controllers/default.py: 0
[2014-06-11 13:51:40] EDIT basic_rest/controllers/default.py: 0
[2014-06-11 13:56:03] EDIT basic_rest/controllers/default.py: 0
[2014-06-11 13:56:17] EDIT basic_rest/controllers/default.py: 0
[2014-06-11 13:56:39] EDIT basic_rest/controllers/default.py: 0
[2014-06-11 13:56:55] EDIT basic_rest/controllers/default.py: 0
[2014-06-11 13:57:07] EDIT basic_rest/controllers/default.py: 1
[2014-06-11 13:57:19] EDIT basic_rest/controllers/default.py: -1
[2014-06-11 13:58:06] EDIT basic_rest/controllers/default.py: 0
[2014-06-11 13:58:15] EDIT basic_rest/controllers/default.py: 0
[2014-06-11 13:58:19] EDIT basic_rest/controllers/default.py: 0
[2014-06-11 14:10:43] EDIT basic_rest/controllers/default.py: 0
[2014-06-11 14:11:14] EDIT basic_rest/controllers/default.py: 0
[2014-06-11 14:11:31] EDIT basic_rest/controllers/default.py: 0
[2014-06-11 14:11:54] EDIT basic_rest/controllers/default.py: 0
[2014-06-11 14:25:56] EDIT basic_rest/controllers/default.py: 2
