[2014-05-28 20:00:49] START
[2014-05-28 20:12:27] EDIT pulse/controllers/default.py: -42
[2014-05-28 20:14:42] EDIT pulse/views/default/index.html: -17
[2014-05-28 20:15:07] CREATE default/pulser.html: 0
[2014-05-28 20:17:13] EDIT pulse/views/default/pulser.html: 10
[2014-05-28 20:18:18] EDIT pulse/controllers/default.py: 0
[2014-05-28 20:28:00] EDIT pulse/controllers/default.py: 3
[2014-05-28 20:29:50] EDIT pulse/views/default/pulser.html: 6
[2014-05-28 20:30:47] EDIT pulse/controllers/default.py: 1
[2014-05-28 20:32:05] EDIT pulse/views/default/pulser.html: 1
[2014-05-28 20:33:56] EDIT pulse/views/default/pulser.html: 0
[2014-05-28 20:36:12] EDIT pulse/views/layout.html: -128
[2014-05-31 19:56:49] CREATE test/index.html: 0
[2014-05-31 19:57:35] EDIT pulse/views/test/index.html: 6
[2014-05-31 20:00:00] CREATE test.py: 0
[2014-05-31 20:00:56] EDIT pulse/controllers/test.py: 3
[2014-05-31 20:08:36] EDIT pulse/views/test/index.html: 23
[2014-05-31 20:09:32] EDIT pulse/views/test/index.html: 9
[2014-05-31 20:10:53] EDIT pulse/views/test/index.html: 0
[2014-05-31 20:13:38] EDIT pulse/views/test/index.html: 0
[2014-05-31 20:16:07] EDIT pulse/views/test/index.html: -1
[2014-05-31 20:17:35] EDIT pulse/views/test/index.html: 0
[2014-05-31 20:18:01] EDIT pulse/views/test/index.html: 1
[2014-05-31 20:19:13] EDIT pulse/views/test/index.html: 0
[2014-05-31 20:19:31] EDIT pulse/views/test/index.html: 0
[2014-05-31 20:20:49] EDIT pulse/views/test/index.html: -1
[2014-05-31 20:21:21] EDIT pulse/views/test/index.html: 0
[2014-05-31 20:21:38] EDIT pulse/views/test/index.html: 0
[2014-05-31 20:22:34] EDIT pulse/views/test/index.html: 0
[2014-05-31 20:35:58] CREATE ajax_default.py: 0
[2014-05-31 20:38:51] EDIT pulse/controllers/ajax_default.py: 12
[2014-05-31 20:39:17] CREATE ajax_default/index.html: 0
[2014-05-31 20:39:47] EDIT pulse/views/ajax_default/index.html: 6
[2014-05-31 20:41:21] EDIT pulse/controllers/ajax_default.py: 2
[2014-05-31 20:44:44] EDIT pulse/views/ajax_default/index.html: 30
[2014-05-31 21:36:02] CREATE ajax_comparison_default.py: 0
[2014-05-31 21:36:20] EDIT pulse/controllers/ajax_comparison_default.py: 14
[2014-05-31 21:36:48] CREATE ajax_comparison_default/index.html: 0
[2014-05-31 21:45:18] EDIT pulse/controllers/ajax_comparison_default.py: 7
[2014-05-31 21:47:56] EDIT pulse/views/ajax_comparison_default/index.html: 10
[2014-05-31 21:51:23] EDIT pulse/views/ajax_comparison_default/index.html: 29
[2014-05-31 21:55:40] EDIT pulse/controllers/ajax_comparison_default.py: 1
[2014-05-31 21:55:46] EDIT pulse/controllers/ajax_comparison_default.py: -1
[2014-05-31 21:56:01] EDIT pulse/controllers/ajax_comparison_default.py: 0
[2014-05-31 21:57:53] EDIT pulse/controllers/ajax_comparison_default.py: 4
[2014-05-31 22:04:04] EDIT pulse/controllers/ajax_comparison_default.py: 36
[2014-05-31 22:06:30] EDIT pulse/views/ajax_comparison_default/index.html: 3
[2014-05-31 22:10:05] EDIT pulse/views/layout.html: 13
[2014-05-31 22:13:56] EDIT pulse/views/ajax_comparison_default/index.html: -28
[2014-05-31 22:14:08] EDIT pulse/views/ajax_comparison_default/index.html: -2
[2014-05-31 22:21:22] EDIT pulse/controllers/ajax_comparison_default.py: 0
