[2014-06-08 19:03:23] START
[2014-06-08 19:03:23] EDIT py2manager/controllers/default.py: 4
[2014-06-08 19:08:57] EDIT py2manager/controllers/default.py: 0
[2014-06-08 19:30:09] EDIT py2manager/controllers/default.py: 2
[2014-06-08 19:30:38] CREATE default/tester.html: 0
[2014-06-08 19:32:05] EDIT py2manager/views/default/tester.html: 3
[2014-06-08 19:32:38] EDIT py2manager/views/default/tester.html: 0
[2014-06-08 19:33:33] EDIT py2manager/views/default/tester.html: -1
[2014-06-08 19:33:44] EDIT py2manager/views/default/tester.html: 1
[2014-06-08 19:35:19] EDIT py2manager/views/default/index.html: -25
[2014-06-08 19:35:58] EDIT py2manager/views/default/index.html: 3
[2014-06-08 19:36:51] EDIT py2manager/views/default/index.html: 4
[2014-06-08 19:37:42] EDIT py2manager/views/default/index.html: 1
[2014-06-08 19:40:55] EDIT py2manager/controllers/default.py: 16
[2014-06-08 19:41:30] EDIT py2manager/controllers/default.py: 0
[2014-06-08 19:45:56] EDIT py2manager/models/menu.py: -1
[2014-06-08 19:46:30] EDIT py2manager/models/menu.py: 0
[2014-06-08 19:48:32] EDIT py2manager/models/menu.py: 2
[2014-06-08 19:48:51] EDIT py2manager/models/menu.py: 0
[2014-06-08 19:51:07] EDIT py2manager/controllers/default.py: 31
[2014-06-08 19:54:18] EDIT py2manager/models/db.py: 1
[2014-06-08 19:57:49] EDIT py2manager/controllers/default.py: 2
[2014-06-08 19:58:33] EDIT py2manager/controllers/default.py: 0
[2014-06-08 20:00:01] CREATE default/add.html: 0
[2014-06-08 20:00:15] EDIT py2manager/views/default/add.html: 0
[2014-06-08 20:02:11] EDIT py2manager/views/default/add.html: 4
[2014-06-08 20:02:52] EDIT py2manager/views/default/add.html: 1
[2014-06-08 20:03:42] EDIT py2manager/views/default/add.html: 0
[2014-06-08 20:04:48] EDIT py2manager/views/default/add.html: 1
[2014-06-08 20:06:05] EDIT py2manager/views/default/add.html: 1
[2014-06-08 20:08:33] EDIT py2manager/views/default/add.html: 1
[2014-06-08 20:09:25] EDIT py2manager/views/default/add.html: 1
[2014-06-08 20:10:14] EDIT py2manager/views/default/add.html: 2
[2014-06-08 20:10:33] EDIT py2manager/views/default/add.html: -1
[2014-06-08 20:10:51] EDIT py2manager/views/default/add.html: 1
[2014-06-08 20:10:59] EDIT py2manager/views/default/add.html: -1
[2014-06-08 20:12:29] EDIT py2manager/views/default/index.html: -1
[2014-06-08 20:13:19] EDIT py2manager/controllers/default.py: 1
[2014-06-08 20:15:19] EDIT py2manager/controllers/default.py: 3
[2014-06-08 20:15:46] CREATE default/company.html: 0
[2014-06-08 20:16:47] EDIT py2manager/views/default/company.html: 11
[2014-06-08 20:17:58] EDIT py2manager/views/default/company.html: 0
[2014-06-08 20:20:00] EDIT py2manager/views/default/company.html: -1
[2014-06-08 20:20:16] EDIT py2manager/views/default/company.html: 0
[2014-06-08 20:20:23] EDIT py2manager/views/default/company.html: -1
[2014-06-08 20:21:41] EDIT py2manager/controllers/default.py: 1
[2014-06-08 20:24:15] EDIT py2manager/controllers/default.py: 1
[2014-06-08 20:24:37] EDIT py2manager/controllers/default.py: -2
[2014-06-08 20:25:04] EDIT py2manager/controllers/default.py: 0
[2014-06-08 20:25:12] EDIT py2manager/controllers/default.py: 0
[2014-06-08 20:25:17] EDIT py2manager/controllers/default.py: 0
[2014-06-08 20:25:33] EDIT py2manager/controllers/default.py: 0
[2014-06-08 20:26:23] EDIT py2manager/controllers/default.py: 3
[2014-06-08 20:27:00] EDIT py2manager/controllers/default.py: 0
[2014-06-08 20:27:50] EDIT py2manager/controllers/default.py: -3
[2014-06-08 20:28:03] EDIT py2manager/controllers/default.py: 0
[2014-06-08 20:28:06] EDIT py2manager/controllers/default.py: 0
[2014-06-08 20:28:23] EDIT py2manager/controllers/default.py: 0
[2014-06-08 20:28:25] EDIT py2manager/controllers/default.py: 0
[2014-06-08 20:28:38] EDIT py2manager/controllers/default.py: 0
[2014-06-08 20:29:06] EDIT py2manager/controllers/default.py: 0
[2014-06-08 20:29:11] EDIT py2manager/controllers/default.py: 0
[2014-06-08 20:30:52] EDIT py2manager/views/default/index.html: -2
[2014-06-08 20:36:46] EDIT py2manager/models/db_tasks.py: 1
[2014-06-08 20:37:47] EDIT py2manager/models/db_tasks.py: 1
[2014-06-08 20:38:28] EDIT py2manager/models/db_tasks.py: 0
[2014-06-08 20:38:49] EDIT py2manager/models/db_tasks.py: 0
[2014-06-08 20:39:17] EDIT py2manager/models/db_tasks.py: 0
[2014-06-08 20:39:35] EDIT py2manager/models/db_tasks.py: 0
[2014-06-08 20:41:20] EDIT py2manager/views/web2py_ajax.html: 0
[2014-06-08 20:42:42] EDIT py2manager/controllers/default.py: 0
[2014-06-08 20:43:24] EDIT py2manager/controllers/default.py: 1
[2014-06-08 20:43:33] EDIT py2manager/controllers/default.py: 0
[2014-06-08 20:43:37] EDIT py2manager/controllers/default.py: 0
[2014-06-08 20:43:47] EDIT py2manager/controllers/default.py: 0
[2014-06-08 20:44:24] EDIT py2manager/controllers/default.py: 2
[2014-06-08 20:44:29] EDIT py2manager/controllers/default.py: 0
[2014-06-08 20:46:59] EDIT py2manager/models/db_tasks.py: 0
[2014-06-08 20:47:35] EDIT py2manager/controllers/default.py: 0
[2014-06-08 20:55:52] EDIT py2manager/controllers/default.py: 1
[2014-06-08 20:56:04] EDIT py2manager/controllers/default.py: 0
[2014-06-08 20:56:30] EDIT py2manager/controllers/default.py: 0
[2014-06-08 20:56:41] EDIT py2manager/controllers/default.py: 0
[2014-06-08 20:57:35] EDIT py2manager/controllers/default.py: 0
[2014-06-08 20:58:39] EDIT py2manager/controllers/default.py: 1
[2014-06-08 20:59:26] EDIT py2manager/views/default/company.html: 5
[2014-06-08 20:59:52] EDIT py2manager/views/default/company.html: 2
[2014-06-08 21:04:38] EDIT py2manager/controllers/default.py: 7
[2014-06-08 21:04:58] EDIT py2manager/controllers/default.py: 1
[2014-06-08 21:05:30] EDIT py2manager/controllers/default.py: 0
[2014-06-08 21:06:20] CREATE default/employee.html: 0
[2014-06-08 21:07:05] EDIT py2manager/views/default/employee.html: 3
[2014-06-08 21:07:48] EDIT py2manager/controllers/default.py: 0
[2014-06-08 21:46:30] EDIT py2manager/models/db_tasks.py: 5
[2014-06-08 21:48:03] EDIT py2manager/models/db_tasks.py: 3
[2014-06-08 21:48:13] EDIT py2manager/models/db_tasks.py: 1
[2014-06-08 21:51:54] EDIT py2manager/controllers/default.py: 9
[2014-06-08 21:52:09] EDIT py2manager/controllers/default.py: 0
[2014-06-08 21:52:28] EDIT py2manager/controllers/default.py: 0
[2014-06-08 21:52:35] EDIT py2manager/controllers/default.py: 0
[2014-06-08 21:54:45] CREATE default/note.html: 0
[2014-06-08 21:55:28] EDIT py2manager/views/default/note.html: -1
[2014-06-08 22:04:32] EDIT py2manager/views/default/note.html: 10
[2014-06-08 22:05:26] EDIT py2manager/controllers/default.py: 0
[2014-06-08 22:09:54] EDIT py2manager/controllers/default.py: 1
[2014-06-08 22:10:33] EDIT py2manager/controllers/default.py: 0
[2014-06-08 22:10:37] EDIT py2manager/controllers/default.py: 0
[2014-06-08 22:12:37] EDIT py2manager/views/layout.html: 0
[2014-06-08 22:13:21] EDIT py2manager/views/layout.html: 0
